<?xml version="1.0" encoding="UTF-8"?>
<!-- Generated by org.testng.reporters.JUnitReportReporter -->
<testsuite hostname="LAPTOP-FN1AS96S" failures="0" tests="7" name="tests.MainTestAutomation" time="86.304" errors="0" timestamp="2024-06-19T10:53:44 IST" skipped="0">
  <testcase classname="tests.MainTestAutomation" name="loginFuctionality" time="7.522"/>
  <testcase classname="tests.MainTestAutomation" name="categoriesDisplayed" time="5.162"/>
  <testcase classname="tests.MainTestAutomation" name="navigateToNextPage" time="15.323"/>
  <testcase classname="tests.MainTestAutomation" name="contactDemo" time="1.715"/>
  <testcase classname="tests.MainTestAutomation" name="addCartDemo" time="19.939"/>
  <testcase classname="tests.MainTestAutomation" name="deleteItemFromCart" time="3.260"/>
  <testcase classname="tests.MainTestAutomation" name="checkoutProcess" time="33.383"/>
</testsuite> <!-- tests.MainTestAutomation -->
