<?xml version="1.0" encoding="UTF-8"?>
<!-- Generated by org.testng.reporters.JUnitReportReporter -->
<testsuite hostname="LAPTOP-FN1AS96S" failures="0" tests="8" name="tests.EndtoEnd" time="102.053" errors="0" timestamp="2024-06-19T13:09:43 IST" skipped="0">
  <testcase classname="tests.EndtoEnd" name="loginFuctionality" time="6.594"/>
  <testcase classname="tests.EndtoEnd" name="categoriesDisplayed" time="5.299"/>
  <testcase classname="tests.EndtoEnd" name="navigateToNextPage" time="15.329"/>
  <testcase classname="tests.EndtoEnd" name="contactDemo" time="6.520"/>
  <testcase classname="tests.EndtoEnd" name="addCartDemo" time="19.565"/>
  <testcase classname="tests.EndtoEnd" name="deleteItemFromCart" time="3.297"/>
  <testcase classname="tests.EndtoEnd" name="checkoutProcess" time="37.982"/>
  <testcase classname="tests.EndtoEnd" name="testInvalidLogin" time="7.467"/>
</testsuite> <!-- tests.EndtoEnd -->
