<?xml version="1.0" encoding="UTF-8"?>
<!-- Generated by org.testng.reporters.JUnitReportReporter -->
<testsuite hostname="Naresh-02ISACJG" failures="0" tests="2" name="defectCase.PurchaseWithoutLoginTestExtent_Report" time="25.909" errors="0" timestamp="2024-06-19T16:00:30 IST" skipped="0">
  <testcase classname="defectCase.PurchaseWithoutLoginTestExtent_Report" name="addProductToCartWithoutLogin__Test_Case_01" time="17.852"/>
  <system-out/>
  <testcase classname="defectCase.PurchaseWithoutLoginTestExtent_Report" name="checkoutWithoutLogin___Test_Case_02" time="8.057"/>
  <system-out/>
</testsuite> <!-- defectCase.PurchaseWithoutLoginTestExtent_Report -->
