<?xml version="1.0" encoding="UTF-8"?>
<!-- Generated by org.testng.reporters.JUnitReportReporter -->
<testsuite hostname="Naresh-02ISACJG" failures="0" tests="2" name="defectCase.PurchaseWithoutLoginTest" time="68.293" errors="0" timestamp="2024-06-19T15:57:11 IST" skipped="0">
  <testcase classname="defectCase.PurchaseWithoutLoginTest" name="addProductToCartWithoutLogin__Test_Case_01" time="50.963"/>
  <system-out/>
  <testcase classname="defectCase.PurchaseWithoutLoginTest" name="checkoutWithoutLogin___Test_Case_02" time="17.330"/>
  <system-out/>
</testsuite> <!-- defectCase.PurchaseWithoutLoginTest -->
