<?xml version="1.0" encoding="UTF-8"?>
<!-- Generated by org.testng.reporters.JUnitReportReporter -->
<testsuite hostname="Naresh-02ISACJG" failures="0" tests="1" name="tests.End_To_End_Extent_Report" time="28.314" errors="0" timestamp="2024-06-19T16:15:59 IST" skipped="0">
  <testcase classname="tests.End_To_End_Extent_Report" name="testGetStatusCode" time="28.314"/>
  <system-out/>
</testsuite> <!-- tests.End_To_End_Extent_Report -->
